Final Result = 370.0/450.0
Automark = 90.0% (31.499999999999996 / 35), HD
1. Player Movement

Test 1-1: Test the player can move down
SUCCESS DONE

Test 1-2: Test the player can move up
SUCCESS DONE

Test 1-3: Test the player can move left
SUCCESS DONE

Test 1-4: Test the player can move right
SUCCESS DONE

2. Interface Methods

Test 2-1: Testing newGame interface method normal operation
SUCCESS DONE

Test 2-2: Testing newGame on a nonexistent dungeon
SUCCESS DONE

Test 2-3: Testing tick interface method normal operation
SUCCESS DONE

Test 2-4: Testing tick with an unusable item in the inventory
SUCCESS DONE

Test 2-5: Testing tick with an item that is not in the player's inventory
SUCCESS DONE

3. Boulders

Test 3-1: Test pushing a boulder
SUCCESS DONE

Test 3-2: Test attempting to push a boulder into a wall
SUCCESS DONE

Test 3-3: Test the player is unable to push two boulders
SUCCESS DONE

4. Doors & Keys

Test 4-1: Test player cannot walk through a closed door
SUCCESS DONE

Test 4-2: Test player can pick up a key and add to inventory
SUCCESS DONE

Test 4-3: Test player can use a key to open and walk through a door
SUCCESS DONE

Test 4-4: Test player cannot pickup two keys at the same time
SUCCESS DONE

Test 4-5: Test player can pick up a second key after using the first
SUCCESS DONE

Test 4-6: Test player cannot open a door with the wrong key
SUCCESS DONE

Test 4-7: Test doors remain open and the player can move through the door without a key
SUCCESS DONE

5. Buildable Entities

Test 5-1: Test IllegalArgumentException is raised when attempting to build an unknown entity - sword
SUCCESS DONE

Test 5-2: Test InvalidActionException is raised when the player does not have sufficient items to build a bow or shield
SUCCESS DONE

Test 5-3: Test building a bow
SUCCESS DONE

Test 5-4: Test building a shield with a key
SUCCESS DONE

Test 5-5: Test building a shield with treasure
SUCCESS DONE

Test 5-6: Test DungeonResponse buildables parameter is a list of buildable item types that the player can build with their current inventory
SUCCESS DONE

6. Potions

Test 6-1: Test invincibility potion can be picked up and consumed
SUCCESS DONE

Test 6-2: Test invisibility potion can be picked up and consumed
SUCCESS DONE

Test 6-3: Test the effects of the invincibility potion only last for a limited time
PotionsTest > Test the effects of the invincibility potion only last for a limited time FAILED org.opentest4j.AssertionFailedError: expected: <true> but was: <false> at app//org.junit.jupiter.api.AssertionUtils.fail(AssertionUtils.java:55) at app//org.junit.jupiter.api.AssertTrue.assertTrue(AssertTrue.java:40) at app//org.junit.jupiter.api.AssertTrue.assertTrue(AssertTrue.java:35) at app//org.junit.jupiter.api.Assertions.assertTrue(Assertions.java:179) at app//dungeonmania.automarking.PotionsTest.invincibilityDuration(PotionsTest.java:101) FAILURE DONE 1 test completed, 1 failed FAILURE: Build failed with an exception. COMP2511ProjectUML_drawio.pdf FRONTEND.md Planning.pdf README.md SETUP.md assumptions.pdf build build.gradle config_template.json credits.md design.pdf extract_coverage.sh gradle gradlew gradlew.bat images setup src test plans.pdf What went wrong: Execution failed for task ':test'. > There were failing tests. See the report at: file:///T15A_ECLAIR/build/reports/tests/test/index.html COMP2511ProjectUML_drawio.pdf FRONTEND.md Planning.pdf README.md SETUP.md assumptions.pdf build build.gradle config_template.json credits.md design.pdf extract_coverage.sh gradle gradlew gradlew.bat images setup src test plans.pdf Try: > Run with --stacktrace option to get the stack trace. > Run with --info or --debug option to get more log output. > Run with --scan to get full insights. COMP2511ProjectUML_drawio.pdf FRONTEND.md Planning.pdf README.md SETUP.md assumptions.pdf build build.gradle config_template.json credits.md design.pdf extract_coverage.sh gradle gradlew gradlew.bat images setup src test plans.pdf Get more help at https://help.gradle.org BUILD FAILED in 4s

Test 6-4: Test the effects of the invisibility potion only last for a limited time
PotionsTest > Test the effects of the invisibility potion only last for a limited time FAILED org.opentest4j.AssertionFailedError: expected: <true> but was: <false> at app//org.junit.jupiter.api.AssertionUtils.fail(AssertionUtils.java:55) at app//org.junit.jupiter.api.AssertTrue.assertTrue(AssertTrue.java:40) at app//org.junit.jupiter.api.AssertTrue.assertTrue(AssertTrue.java:35) at app//org.junit.jupiter.api.Assertions.assertTrue(Assertions.java:179) at app//dungeonmania.automarking.PotionsTest.invisibilityDuration(PotionsTest.java:143) FAILURE DONE 1 test completed, 1 failed FAILURE: Build failed with an exception. COMP2511ProjectUML_drawio.pdf FRONTEND.md Planning.pdf README.md SETUP.md assumptions.pdf build build.gradle config_template.json credits.md design.pdf extract_coverage.sh gradle gradlew gradlew.bat images setup src test plans.pdf What went wrong: Execution failed for task ':test'. > There were failing tests. See the report at: file:///T15A_ECLAIR/build/reports/tests/test/index.html COMP2511ProjectUML_drawio.pdf FRONTEND.md Planning.pdf README.md SETUP.md assumptions.pdf build build.gradle config_template.json credits.md design.pdf extract_coverage.sh gradle gradlew gradlew.bat images setup src test plans.pdf Try: > Run with --stacktrace option to get the stack trace. > Run with --info or --debug option to get more log output. > Run with --scan to get full insights. COMP2511ProjectUML_drawio.pdf FRONTEND.md Planning.pdf README.md SETUP.md assumptions.pdf build build.gradle config_template.json credits.md design.pdf extract_coverage.sh gradle gradlew gradlew.bat images setup src test plans.pdf Get more help at https://help.gradle.org BUILD FAILED in 4s

Test 6-5: Test invincibility potions do not change spider movement
SUCCESS DONE

Test 6-6: Test invincibility potions cause zombies to run away
SUCCESS DONE

Test 6-7: Test invincibility potions cause mercenaries to run away
SUCCESS DONE

Test 6-8: Test when the effects of a second potion are 'queued' and will take place the tick following the previous potion wearing off
PotionsTest > Test when the effects of a second potion are 'queued' and will take place the tick following the previous potion wearing off FAILED org.opentest4j.AssertionFailedError: expected: <0> but was: <1> at app//org.junit.jupiter.api.AssertionUtils.fail(AssertionUtils.java:55) at app//org.junit.jupiter.api.AssertionUtils.failNotEqual(AssertionUtils.java:62) at app//org.junit.jupiter.api.AssertEquals.assertEquals(AssertEquals.java:150) at app//org.junit.jupiter.api.AssertEquals.assertEquals(AssertEquals.java:145) at app//org.junit.jupiter.api.Assertions.assertEquals(Assertions.java:527) at app//dungeonmania.automarking.PotionsTest.potionQueuing(PotionsTest.java:291) FAILURE DONE 1 test completed, 1 failed FAILURE: Build failed with an exception. COMP2511ProjectUML_drawio.pdf FRONTEND.md Planning.pdf README.md SETUP.md assumptions.pdf build build.gradle config_template.json credits.md design.pdf extract_coverage.sh gradle gradlew gradlew.bat images setup src test plans.pdf What went wrong: Execution failed for task ':test'. > There were failing tests. See the report at: file:///T15A_ECLAIR/build/reports/tests/test/index.html COMP2511ProjectUML_drawio.pdf FRONTEND.md Planning.pdf README.md SETUP.md assumptions.pdf build build.gradle config_template.json credits.md design.pdf extract_coverage.sh gradle gradlew gradlew.bat images setup src test plans.pdf Try: > Run with --stacktrace option to get the stack trace. > Run with --info or --debug option to get more log output. > Run with --scan to get full insights. COMP2511ProjectUML_drawio.pdf FRONTEND.md Planning.pdf README.md SETUP.md assumptions.pdf build build.gradle config_template.json credits.md design.pdf extract_coverage.sh gradle gradlew gradlew.bat images setup src test plans.pdf Get more help at https://help.gradle.org BUILD FAILED in 5s

7. Portals

Test 7-1: Test portals work both ways
SUCCESS DONE

Test 7-2: Test player cannot teleport into a wall
SUCCESS DONE

Test 7-3: Test portal has no affect on spiders
SUCCESS DONE

Test 7-4: Test portal has no affect on zombies
SUCCESS DONE

Test 7-5: Test portal matching when there are multiple portals
SUCCESS DONE

Test 7-6: Test chain teleporting between multiple portals
SUCCESS DONE

8. Bombs

Test 8-1: Test picking up a bomb removes the bomb from the map and adds the bomb to the inventory
SUCCESS DONE

Test 8-2: Test placing a bomb removes it from the inventory and places it on the map at the character's location
SUCCESS DONE

Test 8-3: Test placing a bomb on a map diagonally adjacent to an active switch will not cause the bomb to detonate
SUCCESS DONE

Test 8-4: Test placing a bomb on a map cardinally adjacent to an active switch causes the bomb to detonate removing surrounding entities except for the player
SUCCESS DONE

Test 8-5: Test placing a bomb on a map cardinally adjacent to an inactive switch and then activating the switch causes the bomb to detonate removing surrounding entities except for the player
SUCCESS DONE

Test 8-6: Test placing a bomb cardinally adjacent to an inactive switch does not cause the bomb to explode
SUCCESS DONE

Test 8-7: Test surrounding entities are removed when placing a bomb next to an active switch with config file bomb radius set to 2
SUCCESS DONE

Test 8-8: Test surrounding entities are removed when placing a bomb next to an active switch with config file bomb radius set to 10
SUCCESS DONE

9. Spiders

Test 9-1: Test basic movement of spiders
SUCCESS DONE

Test 9-2: Test spiders can traverse through walls
SUCCESS DONE

Test 9-3: Test spiders can traverse through switches doors and exits
SUCCESS DONE

Test 9-4: Test spiders cannot move through boulders and reverses direction
SUCCESS DONE

Test 9-5: Test spider_spawn_rate = 0 in config file
SUCCESS DONE

Test 9-6: Test spider_spawn_rate = 1 5 10 in config file
SUCCESS DONE

10. Zombies

Test 10-1: Testing zombies movement
SUCCESS DONE

Test 10-2: Testing zombies cannot move through doors and walls
ZombieTest > Testing zombies cannot move through closed doors and walls FAILED org.opentest4j.AssertionFailedError: expected: <Position [x=3, y=2, z=0]> but was: <Position [x=3, y=3, z=0]> at app//org.junit.jupiter.api.AssertionUtils.fail(AssertionUtils.java:55) at app//org.junit.jupiter.api.AssertionUtils.failNotEqual(AssertionUtils.java:62) at app//org.junit.jupiter.api.AssertEquals.assertEquals(AssertEquals.java:182) at app//org.junit.jupiter.api.AssertEquals.assertEquals(AssertEquals.java:177) at app//org.junit.jupiter.api.Assertions.assertEquals(Assertions.java:1141) at app//dungeonmania.automarking.ZombieTest.doorsAndWalls(ZombieTest.java:55) FAILURE DONE 1 test completed, 1 failed FAILURE: Build failed with an exception. COMP2511ProjectUML_drawio.pdf FRONTEND.md Planning.pdf README.md SETUP.md assumptions.pdf build build.gradle config_template.json credits.md design.pdf extract_coverage.sh gradle gradlew gradlew.bat images setup src test plans.pdf What went wrong: Execution failed for task ':test'. > There were failing tests. See the report at: file:///T15A_ECLAIR/build/reports/tests/test/index.html COMP2511ProjectUML_drawio.pdf FRONTEND.md Planning.pdf README.md SETUP.md assumptions.pdf build build.gradle config_template.json credits.md design.pdf extract_coverage.sh gradle gradlew gradlew.bat images setup src test plans.pdf Try: > Run with --stacktrace option to get the stack trace. > Run with --info or --debug option to get more log output. > Run with --scan to get full insights. COMP2511ProjectUML_drawio.pdf FRONTEND.md Planning.pdf README.md SETUP.md assumptions.pdf build build.gradle config_template.json credits.md design.pdf extract_coverage.sh gradle gradlew gradlew.bat images setup src test plans.pdf Get more help at https://help.gradle.org BUILD FAILED in 4s

Test 10-3: Testing zombie spawners spawn zombies every x ticks
SUCCESS DONE

Test 10-4: Testing that a dungeon with 2 spawners spawns 2 zombies at a time
SUCCESS DONE

Test 10-5: Testing zombie toast spawners spawn zombies in cardinally adjacent open squares
SUCCESS DONE

Test 10-6: Testing zombie toast spawners won't spawn zombies if there are no cardinally adjacent open squares
SUCCESS DONE

Test 10-7: Testing destroying a zombie toast spawner
SUCCESS DONE

11. Battles

Test 11-1: Test player battles spider and player dies
BattleTest > Test player battles spider and player dies FAILED org.opentest4j.AssertionFailedError: expected: <true> but was: <false> at app//org.junit.jupiter.api.AssertionUtils.fail(AssertionUtils.java:55) at app//org.junit.jupiter.api.AssertTrue.assertTrue(AssertTrue.java:40) at app//org.junit.jupiter.api.AssertTrue.assertTrue(AssertTrue.java:35) at app//org.junit.jupiter.api.Assertions.assertTrue(Assertions.java:179) at app//dungeonmania.automarking.BattleTest.testPlayerDiesWhenBattleSpider(BattleTest.java:54) FAILURE DONE 1 test completed, 1 failed FAILURE: Build failed with an exception. COMP2511ProjectUML_drawio.pdf FRONTEND.md Planning.pdf README.md SETUP.md assumptions.pdf build build.gradle config_template.json credits.md design.pdf extract_coverage.sh gradle gradlew gradlew.bat images setup src test plans.pdf What went wrong: Execution failed for task ':test'. > There were failing tests. See the report at: file:///T15A_ECLAIR/build/reports/tests/test/index.html COMP2511ProjectUML_drawio.pdf FRONTEND.md Planning.pdf README.md SETUP.md assumptions.pdf build build.gradle config_template.json credits.md design.pdf extract_coverage.sh gradle gradlew gradlew.bat images setup src test plans.pdf Try: > Run with --stacktrace option to get the stack trace. > Run with --info or --debug option to get more log output. > Run with --scan to get full insights. COMP2511ProjectUML_drawio.pdf FRONTEND.md Planning.pdf README.md SETUP.md assumptions.pdf build build.gradle config_template.json credits.md design.pdf extract_coverage.sh gradle gradlew gradlew.bat images setup src test plans.pdf Get more help at https://help.gradle.org BUILD FAILED in 5s

Test 11-2: Test player battles spider and spider dies
SUCCESS DONE

Test 11-3: Test player battles zombie and player dies
BattleTest > Test player battles zombie and player dies FAILED org.opentest4j.AssertionFailedError: expected: <true> but was: <false> at app//org.junit.jupiter.api.AssertionUtils.fail(AssertionUtils.java:55) at app//org.junit.jupiter.api.AssertTrue.assertTrue(AssertTrue.java:40) at app//org.junit.jupiter.api.AssertTrue.assertTrue(AssertTrue.java:35) at app//org.junit.jupiter.api.Assertions.assertTrue(Assertions.java:179) at app//dungeonmania.automarking.BattleTest.testPlayerDiesWhenBattleZombie(BattleTest.java:79) FAILURE DONE 1 test completed, 1 failed FAILURE: Build failed with an exception. COMP2511ProjectUML_drawio.pdf FRONTEND.md Planning.pdf README.md SETUP.md assumptions.pdf build build.gradle config_template.json credits.md design.pdf extract_coverage.sh gradle gradlew gradlew.bat images setup src test plans.pdf What went wrong: Execution failed for task ':test'. > There were failing tests. See the report at: file:///T15A_ECLAIR/build/reports/tests/test/index.html COMP2511ProjectUML_drawio.pdf FRONTEND.md Planning.pdf README.md SETUP.md assumptions.pdf build build.gradle config_template.json credits.md design.pdf extract_coverage.sh gradle gradlew gradlew.bat images setup src test plans.pdf Try: > Run with --stacktrace option to get the stack trace. > Run with --info or --debug option to get more log output. > Run with --scan to get full insights. COMP2511ProjectUML_drawio.pdf FRONTEND.md Planning.pdf README.md SETUP.md assumptions.pdf build build.gradle config_template.json credits.md design.pdf extract_coverage.sh gradle gradlew gradlew.bat images setup src test plans.pdf Get more help at https://help.gradle.org BUILD FAILED in 4s

Test 11-4: Test player battles zombie and zombie dies
SUCCESS DONE

Test 11-5: Test player battles mercenary and player dies
SUCCESS DONE

Test 11-6: Test player battles mercenary and mercenary dies
SUCCESS DONE

Test 11-7: Test player wins a battle against a spider with an invinicibility potion
BattleTest > Test player wins a battle against a spider with an invinicibility potion FAILED java.lang.IndexOutOfBoundsException: Index 0 out of bounds for length 0 at java.base/jdk.internal.util.Preconditions.outOfBounds(Preconditions.java:64) at java.base/jdk.internal.util.Preconditions.outOfBoundsCheckIndex(Preconditions.java:70) at java.base/jdk.internal.util.Preconditions.checkIndex(Preconditions.java:248) at java.base/java.util.Objects.checkIndex(Objects.java:372) at java.base/java.util.ArrayList.get(ArrayList.java:459) at dungeonmania.automarking.BattleTest.testPlayerWinsSpiderBattleWithInvincibilityPotion(BattleTest.java:140) FAILURE DONE 1 test completed, 1 failed FAILURE: Build failed with an exception. COMP2511ProjectUML_drawio.pdf FRONTEND.md Planning.pdf README.md SETUP.md assumptions.pdf build build.gradle config_template.json credits.md design.pdf extract_coverage.sh gradle gradlew gradlew.bat images setup src test plans.pdf What went wrong: Execution failed for task ':test'. > There were failing tests. See the report at: file:///T15A_ECLAIR/build/reports/tests/test/index.html COMP2511ProjectUML_drawio.pdf FRONTEND.md Planning.pdf README.md SETUP.md assumptions.pdf build build.gradle config_template.json credits.md design.pdf extract_coverage.sh gradle gradlew gradlew.bat images setup src test plans.pdf Try: > Run with --stacktrace option to get the stack trace. > Run with --info or --debug option to get more log output. > Run with --scan to get full insights. COMP2511ProjectUML_drawio.pdf FRONTEND.md Planning.pdf README.md SETUP.md assumptions.pdf build build.gradle config_template.json credits.md design.pdf extract_coverage.sh gradle gradlew gradlew.bat images setup src test plans.pdf Get more help at https://help.gradle.org BUILD FAILED in 3s

Test 11-8: Test player wins a battle against a zombie with an invincibility potion
BattleTest > Test player wins a battle against a zombie with an invincibility potion FAILED org.opentest4j.AssertionFailedError: expected: <true> but was: <false> at app//org.junit.jupiter.api.AssertionUtils.fail(AssertionUtils.java:55) at app//org.junit.jupiter.api.AssertTrue.assertTrue(AssertTrue.java:40) at app//org.junit.jupiter.api.AssertTrue.assertTrue(AssertTrue.java:35) at app//org.junit.jupiter.api.Assertions.assertTrue(Assertions.java:179) at app//dungeonmania.automarking.BattleTest.testPlayerWinsZombieBattleWithInvincibilityPotion(BattleTest.java:183) FAILURE DONE 1 test completed, 1 failed FAILURE: Build failed with an exception. COMP2511ProjectUML_drawio.pdf FRONTEND.md Planning.pdf README.md SETUP.md assumptions.pdf build build.gradle config_template.json credits.md design.pdf extract_coverage.sh gradle gradlew gradlew.bat images setup src test plans.pdf What went wrong: Execution failed for task ':test'. > There were failing tests. See the report at: file:///T15A_ECLAIR/build/reports/tests/test/index.html COMP2511ProjectUML_drawio.pdf FRONTEND.md Planning.pdf README.md SETUP.md assumptions.pdf build build.gradle config_template.json credits.md design.pdf extract_coverage.sh gradle gradlew gradlew.bat images setup src test plans.pdf Try: > Run with --stacktrace option to get the stack trace. > Run with --info or --debug option to get more log output. > Run with --scan to get full insights. COMP2511ProjectUML_drawio.pdf FRONTEND.md Planning.pdf README.md SETUP.md assumptions.pdf build build.gradle config_template.json credits.md design.pdf extract_coverage.sh gradle gradlew gradlew.bat images setup src test plans.pdf Get more help at https://help.gradle.org BUILD FAILED in 3s

Test 11-9: Test a player wins a battle against a mercenary with an invincibility potion
SUCCESS DONE

Test 11-10: Test the player battles three enemies consecutively and defeats them
SUCCESS DONE

Test 11-11: Test basic health calculations spider - player wins
SUCCESS DONE

Test 11-12: Test basic health calculations zombie - player wins
SUCCESS DONE

Test 11-13: Test basic health calculations mercenary - player wins
SUCCESS DONE

Test 11-14: Test basic health calculations spider - player loses
BattleTest > Test basic health calculations spider - player loses FAILED org.opentest4j.AssertionFailedError: expected: <true> but was: <false> at app//org.junit.jupiter.api.AssertionUtils.fail(AssertionUtils.java:55) at app//org.junit.jupiter.api.AssertTrue.assertTrue(AssertTrue.java:40) at app//org.junit.jupiter.api.AssertTrue.assertTrue(AssertTrue.java:35) at app//org.junit.jupiter.api.Assertions.assertTrue(Assertions.java:179) at app//dungeonmania.automarking.BattleTest.assertBattleCalculations(BattleTest.java:42) at app//dungeonmania.automarking.BattleTest.testHealthBelowZeroSpider(BattleTest.java:295) FAILURE DONE 1 test completed, 1 failed FAILURE: Build failed with an exception. COMP2511ProjectUML_drawio.pdf FRONTEND.md Planning.pdf README.md SETUP.md assumptions.pdf build build.gradle config_template.json credits.md design.pdf extract_coverage.sh gradle gradlew gradlew.bat images setup src test plans.pdf What went wrong: Execution failed for task ':test'. > There were failing tests. See the report at: file:///T15A_ECLAIR/build/reports/tests/test/index.html COMP2511ProjectUML_drawio.pdf FRONTEND.md Planning.pdf README.md SETUP.md assumptions.pdf build build.gradle config_template.json credits.md design.pdf extract_coverage.sh gradle gradlew gradlew.bat images setup src test plans.pdf Try: > Run with --stacktrace option to get the stack trace. > Run with --info or --debug option to get more log output. > Run with --scan to get full insights. COMP2511ProjectUML_drawio.pdf FRONTEND.md Planning.pdf README.md SETUP.md assumptions.pdf build build.gradle config_template.json credits.md design.pdf extract_coverage.sh gradle gradlew gradlew.bat images setup src test plans.pdf Get more help at https://help.gradle.org BUILD FAILED in 6s

Test 11-15: Test basic health calculations zombie - player loses
BattleTest > Test basic health calculations zombie - player loses FAILED org.opentest4j.AssertionFailedError: expected: <true> but was: <false> at app//org.junit.jupiter.api.AssertionUtils.fail(AssertionUtils.java:55) at app//org.junit.jupiter.api.AssertTrue.assertTrue(AssertTrue.java:40) at app//org.junit.jupiter.api.AssertTrue.assertTrue(AssertTrue.java:35) at app//org.junit.jupiter.api.Assertions.assertTrue(Assertions.java:179) at app//dungeonmania.automarking.BattleTest.assertBattleCalculations(BattleTest.java:42) at app//dungeonmania.automarking.BattleTest.testHealthBelowZeroZombie(BattleTest.java:305) FAILURE DONE 1 test completed, 1 failed FAILURE: Build failed with an exception. COMP2511ProjectUML_drawio.pdf FRONTEND.md Planning.pdf README.md SETUP.md assumptions.pdf build build.gradle config_template.json credits.md design.pdf extract_coverage.sh gradle gradlew gradlew.bat images setup src test plans.pdf What went wrong: Execution failed for task ':test'. > There were failing tests. See the report at: file:///T15A_ECLAIR/build/reports/tests/test/index.html COMP2511ProjectUML_drawio.pdf FRONTEND.md Planning.pdf README.md SETUP.md assumptions.pdf build build.gradle config_template.json credits.md design.pdf extract_coverage.sh gradle gradlew gradlew.bat images setup src test plans.pdf Try: > Run with --stacktrace option to get the stack trace. > Run with --info or --debug option to get more log output. > Run with --scan to get full insights. COMP2511ProjectUML_drawio.pdf FRONTEND.md Planning.pdf README.md SETUP.md assumptions.pdf build build.gradle config_template.json credits.md design.pdf extract_coverage.sh gradle gradlew gradlew.bat images setup src test plans.pdf Get more help at https://help.gradle.org BUILD FAILED in 5s

Test 11-16: Test basic health calculations mercenary - player loses
SUCCESS DONE

Test 11-17: Test attack twice with bow - spider
BattleTest > Test attack twice with bow - spider FAILED java.lang.IndexOutOfBoundsException: Index 0 out of bounds for length 0 at java.base/jdk.internal.util.Preconditions.outOfBounds(Preconditions.java:64) at java.base/jdk.internal.util.Preconditions.outOfBoundsCheckIndex(Preconditions.java:70) at java.base/jdk.internal.util.Preconditions.checkIndex(Preconditions.java:248) at java.base/java.util.Objects.checkIndex(Objects.java:372) at java.base/java.util.ArrayList.get(ArrayList.java:459) at dungeonmania.automarking.BattleTest.testBowAttackTwiceSpider(BattleTest.java:339) FAILURE DONE 1 test completed, 1 failed FAILURE: Build failed with an exception. COMP2511ProjectUML_drawio.pdf FRONTEND.md Planning.pdf README.md SETUP.md assumptions.pdf build build.gradle config_template.json credits.md design.pdf extract_coverage.sh gradle gradlew gradlew.bat images setup src test plans.pdf What went wrong: Execution failed for task ':test'. > There were failing tests. See the report at: file:///T15A_ECLAIR/build/reports/tests/test/index.html COMP2511ProjectUML_drawio.pdf FRONTEND.md Planning.pdf README.md SETUP.md assumptions.pdf build build.gradle config_template.json credits.md design.pdf extract_coverage.sh gradle gradlew gradlew.bat images setup src test plans.pdf Try: > Run with --stacktrace option to get the stack trace. > Run with --info or --debug option to get more log output. > Run with --scan to get full insights. COMP2511ProjectUML_drawio.pdf FRONTEND.md Planning.pdf README.md SETUP.md assumptions.pdf build build.gradle config_template.json credits.md design.pdf extract_coverage.sh gradle gradlew gradlew.bat images setup src test plans.pdf Get more help at https://help.gradle.org BUILD FAILED in 4s

Test 11-18: Test shield reduces enemy attack
BattleTest > Test shield reduces enemy attack FAILED java.lang.IndexOutOfBoundsException: Index 0 out of bounds for length 0 at java.base/jdk.internal.util.Preconditions.outOfBounds(Preconditions.java:64) at java.base/jdk.internal.util.Preconditions.outOfBoundsCheckIndex(Preconditions.java:70) at java.base/jdk.internal.util.Preconditions.checkIndex(Preconditions.java:248) at java.base/java.util.Objects.checkIndex(Objects.java:372) at java.base/java.util.ArrayList.get(ArrayList.java:459) at dungeonmania.automarking.BattleTest.testShieldReducesEnemyAttack(BattleTest.java:377) FAILURE DONE 1 test completed, 1 failed FAILURE: Build failed with an exception. COMP2511ProjectUML_drawio.pdf FRONTEND.md Planning.pdf README.md SETUP.md assumptions.pdf build build.gradle config_template.json credits.md design.pdf extract_coverage.sh gradle gradlew gradlew.bat images setup src test plans.pdf What went wrong: Execution failed for task ':test'. > There were failing tests. See the report at: file:///T15A_ECLAIR/build/reports/tests/test/index.html COMP2511ProjectUML_drawio.pdf FRONTEND.md Planning.pdf README.md SETUP.md assumptions.pdf build build.gradle config_template.json credits.md design.pdf extract_coverage.sh gradle gradlew gradlew.bat images setup src test plans.pdf Try: > Run with --stacktrace option to get the stack trace. > Run with --info or --debug option to get more log output. > Run with --scan to get full insights. COMP2511ProjectUML_drawio.pdf FRONTEND.md Planning.pdf README.md SETUP.md assumptions.pdf build build.gradle config_template.json credits.md design.pdf extract_coverage.sh gradle gradlew gradlew.bat images setup src test plans.pdf Get more help at https://help.gradle.org BUILD FAILED in 4s

Test 11-19: Test bow durability
BattleTest > Test bow durability FAILED java.lang.IndexOutOfBoundsException: Index 0 out of bounds for length 0 at java.base/jdk.internal.util.Preconditions.outOfBounds(Preconditions.java:64) at java.base/jdk.internal.util.Preconditions.outOfBoundsCheckIndex(Preconditions.java:70) at java.base/jdk.internal.util.Preconditions.checkIndex(Preconditions.java:248) at java.base/java.util.Objects.checkIndex(Objects.java:372) at java.base/java.util.ArrayList.get(ArrayList.java:459) at dungeonmania.automarking.BattleTest.testBowDurability(BattleTest.java:420) FAILURE DONE 1 test completed, 1 failed FAILURE: Build failed with an exception. COMP2511ProjectUML_drawio.pdf FRONTEND.md Planning.pdf README.md SETUP.md assumptions.pdf build build.gradle config_template.json credits.md design.pdf extract_coverage.sh gradle gradlew gradlew.bat images setup src test plans.pdf What went wrong: Execution failed for task ':test'. > There were failing tests. See the report at: file:///T15A_ECLAIR/build/reports/tests/test/index.html COMP2511ProjectUML_drawio.pdf FRONTEND.md Planning.pdf README.md SETUP.md assumptions.pdf build build.gradle config_template.json credits.md design.pdf extract_coverage.sh gradle gradlew gradlew.bat images setup src test plans.pdf Try: > Run with --stacktrace option to get the stack trace. > Run with --info or --debug option to get more log output. > Run with --scan to get full insights. COMP2511ProjectUML_drawio.pdf FRONTEND.md Planning.pdf README.md SETUP.md assumptions.pdf build build.gradle config_template.json credits.md design.pdf extract_coverage.sh gradle gradlew gradlew.bat images setup src test plans.pdf Get more help at https://help.gradle.org BUILD FAILED in 4s

Test 11-20: Test shield durability
BattleTest > Test shield durability FAILED java.lang.IndexOutOfBoundsException: Index 0 out of bounds for length 0 at java.base/jdk.internal.util.Preconditions.outOfBounds(Preconditions.java:64) at java.base/jdk.internal.util.Preconditions.outOfBoundsCheckIndex(Preconditions.java:70) at java.base/jdk.internal.util.Preconditions.checkIndex(Preconditions.java:248) at java.base/java.util.Objects.checkIndex(Objects.java:372) at java.base/java.util.ArrayList.get(ArrayList.java:459) at dungeonmania.automarking.BattleTest.testShieldDurability(BattleTest.java:481) FAILURE DONE 1 test completed, 1 failed FAILURE: Build failed with an exception. COMP2511ProjectUML_drawio.pdf FRONTEND.md Planning.pdf README.md SETUP.md assumptions.pdf build build.gradle config_template.json credits.md design.pdf extract_coverage.sh gradle gradlew gradlew.bat images setup src test plans.pdf What went wrong: Execution failed for task ':test'. > There were failing tests. See the report at: file:///T15A_ECLAIR/build/reports/tests/test/index.html COMP2511ProjectUML_drawio.pdf FRONTEND.md Planning.pdf README.md SETUP.md assumptions.pdf build build.gradle config_template.json credits.md design.pdf extract_coverage.sh gradle gradlew gradlew.bat images setup src test plans.pdf Try: > Run with --stacktrace option to get the stack trace. > Run with --info or --debug option to get more log output. > Run with --scan to get full insights. COMP2511ProjectUML_drawio.pdf FRONTEND.md Planning.pdf README.md SETUP.md assumptions.pdf build build.gradle config_template.json credits.md design.pdf extract_coverage.sh gradle gradlew gradlew.bat images setup src test plans.pdf Get more help at https://help.gradle.org BUILD FAILED in 4s

Test 11-21: Test sword increases attack damage
BattleTest > Test sword increases attack damage FAILED java.lang.IndexOutOfBoundsException: Index 0 out of bounds for length 0 at java.base/jdk.internal.util.Preconditions.outOfBounds(Preconditions.java:64) at java.base/jdk.internal.util.Preconditions.outOfBoundsCheckIndex(Preconditions.java:70) at java.base/jdk.internal.util.Preconditions.checkIndex(Preconditions.java:248) at java.base/java.util.Objects.checkIndex(Objects.java:372) at java.base/java.util.ArrayList.get(ArrayList.java:459) at dungeonmania.automarking.BattleTest.testSwordIncreasesAttackDamage(BattleTest.java:514) FAILURE DONE 1 test completed, 1 failed FAILURE: Build failed with an exception. COMP2511ProjectUML_drawio.pdf FRONTEND.md Planning.pdf README.md SETUP.md assumptions.pdf build build.gradle config_template.json credits.md design.pdf extract_coverage.sh gradle gradlew gradlew.bat images setup src test plans.pdf What went wrong: Execution failed for task ':test'. > There were failing tests. See the report at: file:///T15A_ECLAIR/build/reports/tests/test/index.html COMP2511ProjectUML_drawio.pdf FRONTEND.md Planning.pdf README.md SETUP.md assumptions.pdf build build.gradle config_template.json credits.md design.pdf extract_coverage.sh gradle gradlew gradlew.bat images setup src test plans.pdf Try: > Run with --stacktrace option to get the stack trace. > Run with --info or --debug option to get more log output. > Run with --scan to get full insights. COMP2511ProjectUML_drawio.pdf FRONTEND.md Planning.pdf README.md SETUP.md assumptions.pdf build build.gradle config_template.json credits.md design.pdf extract_coverage.sh gradle gradlew gradlew.bat images setup src test plans.pdf Get more help at https://help.gradle.org BUILD FAILED in 4s

Test 11-22: Test sword durability
BattleTest > Test sword durability FAILED java.lang.IndexOutOfBoundsException: Index 0 out of bounds for length 0 at java.base/jdk.internal.util.Preconditions.outOfBounds(Preconditions.java:64) at java.base/jdk.internal.util.Preconditions.outOfBoundsCheckIndex(Preconditions.java:70) at java.base/jdk.internal.util.Preconditions.checkIndex(Preconditions.java:248) at java.base/java.util.Objects.checkIndex(Objects.java:372) at java.base/java.util.ArrayList.get(ArrayList.java:459) at dungeonmania.automarking.BattleTest.testSwordDurability(BattleTest.java:545) FAILURE DONE 1 test completed, 1 failed FAILURE: Build failed with an exception. COMP2511ProjectUML_drawio.pdf FRONTEND.md Planning.pdf README.md SETUP.md assumptions.pdf build build.gradle config_template.json credits.md design.pdf extract_coverage.sh gradle gradlew gradlew.bat images setup src test plans.pdf What went wrong: Execution failed for task ':test'. > There were failing tests. See the report at: file:///T15A_ECLAIR/build/reports/tests/test/index.html COMP2511ProjectUML_drawio.pdf FRONTEND.md Planning.pdf README.md SETUP.md assumptions.pdf build build.gradle config_template.json credits.md design.pdf extract_coverage.sh gradle gradlew gradlew.bat images setup src test plans.pdf Try: > Run with --stacktrace option to get the stack trace. > Run with --info or --debug option to get more log output. > Run with --scan to get full insights. COMP2511ProjectUML_drawio.pdf FRONTEND.md Planning.pdf README.md SETUP.md assumptions.pdf build build.gradle config_template.json credits.md design.pdf extract_coverage.sh gradle gradlew gradlew.bat images setup src test plans.pdf Get more help at https://help.gradle.org BUILD FAILED in 5s

12. Mercenaries

Test 12-1: Test mercenary in line with Player moves towards them
SUCCESS DONE

Test 12-2: Test mercenary stops if they cannot move any closer to the player
SUCCESS DONE

Test 12-3: Test mercenaries can not move through closed doors
MercenaryTest > Test mercenaries can not move through closed doors FAILED org.opentest4j.AssertionFailedError: expected: <Position [x=4, y=2, z=0]> but was: <Position [x=4, y=1, z=0]> at app//org.junit.jupiter.api.AssertionUtils.fail(AssertionUtils.java:55) at app//org.junit.jupiter.api.AssertionUtils.failNotEqual(AssertionUtils.java:62) at app//org.junit.jupiter.api.AssertEquals.assertEquals(AssertEquals.java:182) at app//org.junit.jupiter.api.AssertEquals.assertEquals(AssertEquals.java:177) at app//org.junit.jupiter.api.Assertions.assertEquals(Assertions.java:1141) at app//dungeonmania.automarking.MercenaryTest.doorMovement(MercenaryTest.java:62) FAILURE DONE 1 test completed, 1 failed FAILURE: Build failed with an exception. COMP2511ProjectUML_drawio.pdf FRONTEND.md Planning.pdf README.md SETUP.md assumptions.pdf build build.gradle config_template.json credits.md design.pdf extract_coverage.sh gradle gradlew gradlew.bat images setup src test plans.pdf What went wrong: Execution failed for task ':test'. > There were failing tests. See the report at: file:///T15A_ECLAIR/build/reports/tests/test/index.html COMP2511ProjectUML_drawio.pdf FRONTEND.md Planning.pdf README.md SETUP.md assumptions.pdf build build.gradle config_template.json credits.md design.pdf extract_coverage.sh gradle gradlew gradlew.bat images setup src test plans.pdf Try: > Run with --stacktrace option to get the stack trace. > Run with --info or --debug option to get more log output. > Run with --scan to get full insights. COMP2511ProjectUML_drawio.pdf FRONTEND.md Planning.pdf README.md SETUP.md assumptions.pdf build build.gradle config_template.json credits.md design.pdf extract_coverage.sh gradle gradlew gradlew.bat images setup src test plans.pdf Get more help at https://help.gradle.org BUILD FAILED in 4s

Test 12-4: Test mercenary moves around a wall to get to the player
SUCCESS DONE

Test 12-5: Testing a mercenary can be bribed with a certain amount
SUCCESS DONE

Test 12-6: Testing a mercenary can be bribed within a radius
SUCCESS DONE

Test 12-7: Testing an allied mercenary does not battle the player
MercenaryTest > Testing an allied mercenary does not battle the player FAILED org.opentest4j.AssertionFailedError: expected: <0> but was: <1> at app//org.junit.jupiter.api.AssertionUtils.fail(AssertionUtils.java:55) at app//org.junit.jupiter.api.AssertionUtils.failNotEqual(AssertionUtils.java:62) at app//org.junit.jupiter.api.AssertEquals.assertEquals(AssertEquals.java:150) at app//org.junit.jupiter.api.AssertEquals.assertEquals(AssertEquals.java:145) at app//org.junit.jupiter.api.Assertions.assertEquals(Assertions.java:527) at app//dungeonmania.automarking.MercenaryTest.allyBattle(MercenaryTest.java:188) FAILURE DONE 1 test completed, 1 failed FAILURE: Build failed with an exception. COMP2511ProjectUML_drawio.pdf FRONTEND.md Planning.pdf README.md SETUP.md assumptions.pdf build build.gradle config_template.json credits.md design.pdf extract_coverage.sh gradle gradlew gradlew.bat images setup src test plans.pdf What went wrong: Execution failed for task ':test'. > There were failing tests. See the report at: file:///T15A_ECLAIR/build/reports/tests/test/index.html COMP2511ProjectUML_drawio.pdf FRONTEND.md Planning.pdf README.md SETUP.md assumptions.pdf build build.gradle config_template.json credits.md design.pdf extract_coverage.sh gradle gradlew gradlew.bat images setup src test plans.pdf Try: > Run with --stacktrace option to get the stack trace. > Run with --info or --debug option to get more log output. > Run with --scan to get full insights. COMP2511ProjectUML_drawio.pdf FRONTEND.md Planning.pdf README.md SETUP.md assumptions.pdf build build.gradle config_template.json credits.md design.pdf extract_coverage.sh gradle gradlew gradlew.bat images setup src test plans.pdf Get more help at https://help.gradle.org BUILD FAILED in 4s

Test 12-8: Testing an allied mercenary follows the Player around occupying the square the player was previously in
SUCCESS DONE

13. Basic Goals

Test 13-1: Test achieving a basic exit goal
SUCCESS DONE

Test 13-2: Test achieving a basic enemy goal
SUCCESS DONE

Test 13-3: Test achieving a basic enemy goal with spawners
SUCCESS DONE

Test 13-4: Test achieving a basic boulders goal
SUCCESS DONE

Test 13-5: Test achieving a boulders goal where there are five switches
SUCCESS DONE

Test 13-6: Test achieving a basic treasure goal
SUCCESS DONE

14. Complex Goals

Test 14-1: Testing a map with 4 conjunction goal
SUCCESS DONE

Test 14-2: Testing a map with 4 disjunction goal
SUCCESS DONE

Test 14-3: Testing a map with mixed conjunction/disjunction goal
SUCCESS DONE

Test 14-4: Testing that the exit goal must be achieved last in EXIT and TREASURE
SUCCESS DONE

Test 14-5: Testing that the exit goal must be achieved last in ENEMIES and EXIT and TREASURE
SUCCESS DONE

Test 14-6: Testing a switch goal can be achieved and then become unachieved
SUCCESS DONE

15. Bosses

Test 15-1: Testing an assassin in line with Player moves towards them
SUCCESS DONE

Test 15-2: Test assassins can not move through walls and closed doors
BossTest > Test assassins can not move through walls and closed doors FAILED org.opentest4j.AssertionFailedError: expected: <Position [x=4, y=2, z=0]> but was: <Position [x=4, y=1, z=0]> at app//org.junit.jupiter.api.AssertionUtils.fail(AssertionUtils.java:55) at app//org.junit.jupiter.api.AssertionUtils.failNotEqual(AssertionUtils.java:62) at app//org.junit.jupiter.api.AssertEquals.assertEquals(AssertEquals.java:182) at app//org.junit.jupiter.api.AssertEquals.assertEquals(AssertEquals.java:177) at app//org.junit.jupiter.api.Assertions.assertEquals(Assertions.java:1141) at app//dungeonmania.automarkingM3.BossTest.assassinDoorsAndWalls(BossTest.java:52) FAILURE DONE 1 test completed, 1 failed FAILURE: Build failed with an exception. COMP2511ProjectUML_drawio.pdf FRONTEND.md Planning.pdf README.md SETUP.md assumptions.pdf build build.gradle config_template.json credits.md design.pdf extract_coverage.sh gradle gradlew gradlew.bat images setup src test plans.pdf What went wrong: Execution failed for task ':test'. > There were failing tests. See the report at: file:///T15A_ECLAIR/build/reports/tests/test/index.html COMP2511ProjectUML_drawio.pdf FRONTEND.md Planning.pdf README.md SETUP.md assumptions.pdf build build.gradle config_template.json credits.md design.pdf extract_coverage.sh gradle gradlew gradlew.bat images setup src test plans.pdf Try: > Run with --stacktrace option to get the stack trace. > Run with --info or --debug option to get more log output. > Run with --scan to get full insights. COMP2511ProjectUML_drawio.pdf FRONTEND.md Planning.pdf README.md SETUP.md assumptions.pdf build build.gradle config_template.json credits.md design.pdf extract_coverage.sh gradle gradlew gradlew.bat images setup src test plans.pdf Get more help at https://help.gradle.org BUILD FAILED in 4s

Test 15-3: Testing bribing an assassin with 0 fail rate
BossTest > Testing bribing an assassin with 0 fail rate FAILED org.opentest4j.AssertionFailedError: expected: <1> but was: <0> at app//org.junit.jupiter.api.AssertionUtils.fail(AssertionUtils.java:55) at app//org.junit.jupiter.api.AssertionUtils.failNotEqual(AssertionUtils.java:62) at app//org.junit.jupiter.api.AssertEquals.assertEquals(AssertEquals.java:166) at app//org.junit.jupiter.api.AssertEquals.assertEquals(AssertEquals.java:161) at app//org.junit.jupiter.api.Assertions.assertEquals(Assertions.java:628) at app//dungeonmania.automarkingM3.BossTest.testAssassinBribeSuccess(BossTest.java:82) FAILURE DONE 1 test completed, 1 failed FAILURE: Build failed with an exception. COMP2511ProjectUML_drawio.pdf FRONTEND.md Planning.pdf README.md SETUP.md assumptions.pdf build build.gradle config_template.json credits.md design.pdf extract_coverage.sh gradle gradlew gradlew.bat images setup src test plans.pdf What went wrong: Execution failed for task ':test'. > There were failing tests. See the report at: file:///T15A_ECLAIR/build/reports/tests/test/index.html COMP2511ProjectUML_drawio.pdf FRONTEND.md Planning.pdf README.md SETUP.md assumptions.pdf build build.gradle config_template.json credits.md design.pdf extract_coverage.sh gradle gradlew gradlew.bat images setup src test plans.pdf Try: > Run with --stacktrace option to get the stack trace. > Run with --info or --debug option to get more log output. > Run with --scan to get full insights. COMP2511ProjectUML_drawio.pdf FRONTEND.md Planning.pdf README.md SETUP.md assumptions.pdf build build.gradle config_template.json credits.md design.pdf extract_coverage.sh gradle gradlew gradlew.bat images setup src test plans.pdf Get more help at https://help.gradle.org BUILD FAILED in 4s

Test 15-4: Testing bribing an assassin with 100% fail rate
BossTest > Testing bribing an assassin with 100% fail rate FAILED org.opentest4j.AssertionFailedError: expected: <false> but was: <true> at app//org.junit.jupiter.api.AssertionUtils.fail(AssertionUtils.java:55) at app//org.junit.jupiter.api.AssertFalse.assertFalse(AssertFalse.java:40) at app//org.junit.jupiter.api.AssertFalse.assertFalse(AssertFalse.java:35) at app//org.junit.jupiter.api.Assertions.assertFalse(Assertions.java:227) at app//dungeonmania.automarkingM3.BossTest.testAssassinBribeFail(BossTest.java:110) FAILURE DONE 1 test completed, 1 failed FAILURE: Build failed with an exception. COMP2511ProjectUML_drawio.pdf FRONTEND.md Planning.pdf README.md SETUP.md assumptions.pdf build build.gradle config_template.json credits.md design.pdf extract_coverage.sh gradle gradlew gradlew.bat images setup src test plans.pdf What went wrong: Execution failed for task ':test'. > There were failing tests. See the report at: file:///T15A_ECLAIR/build/reports/tests/test/index.html COMP2511ProjectUML_drawio.pdf FRONTEND.md Planning.pdf README.md SETUP.md assumptions.pdf build build.gradle config_template.json credits.md design.pdf extract_coverage.sh gradle gradlew gradlew.bat images setup src test plans.pdf Try: > Run with --stacktrace option to get the stack trace. > Run with --info or --debug option to get more log output. > Run with --scan to get full insights. COMP2511ProjectUML_drawio.pdf FRONTEND.md Planning.pdf README.md SETUP.md assumptions.pdf build build.gradle config_template.json credits.md design.pdf extract_coverage.sh gradle gradlew gradlew.bat images setup src test plans.pdf Get more help at https://help.gradle.org BUILD FAILED in 4s

Test 15-5: Testing fail to bribe an assassin and no refund
BossTest > Testing fail to bribe an assassin, and no refund FAILED org.opentest4j.AssertionFailedError: expected: <false> but was: <true> at app//org.junit.jupiter.api.AssertionUtils.fail(AssertionUtils.java:55) at app//org.junit.jupiter.api.AssertFalse.assertFalse(AssertFalse.java:40) at app//org.junit.jupiter.api.AssertFalse.assertFalse(AssertFalse.java:35) at app//org.junit.jupiter.api.Assertions.assertFalse(Assertions.java:227) at app//dungeonmania.automarkingM3.BossTest.testAssassinBribeFailNoRefund(BossTest.java:142) FAILURE DONE 1 test completed, 1 failed FAILURE: Build failed with an exception. COMP2511ProjectUML_drawio.pdf FRONTEND.md Planning.pdf README.md SETUP.md assumptions.pdf build build.gradle config_template.json credits.md design.pdf extract_coverage.sh gradle gradlew gradlew.bat images setup src test plans.pdf What went wrong: Execution failed for task ':test'. > There were failing tests. See the report at: file:///T15A_ECLAIR/build/reports/tests/test/index.html COMP2511ProjectUML_drawio.pdf FRONTEND.md Planning.pdf README.md SETUP.md assumptions.pdf build build.gradle config_template.json credits.md design.pdf extract_coverage.sh gradle gradlew gradlew.bat images setup src test plans.pdf Try: > Run with --stacktrace option to get the stack trace. > Run with --info or --debug option to get more log output. > Run with --scan to get full insights. COMP2511ProjectUML_drawio.pdf FRONTEND.md Planning.pdf README.md SETUP.md assumptions.pdf build build.gradle config_template.json credits.md design.pdf extract_coverage.sh gradle gradlew gradlew.bat images setup src test plans.pdf Get more help at https://help.gradle.org BUILD FAILED in 4s

Test 15-6: Testing assassin will keep moving to the player in its recon radius
SUCCESS DONE

Test 15-7: Testing basic movement for hydra
SUCCESS DONE

Test 15-8: Testing hydra cannot move through closed doors and walls
BossTest > Testing hydras cannot move through closed doors and walls FAILED org.opentest4j.AssertionFailedError: expected: <Position [x=3, y=2, z=0]> but was: <Position [x=3, y=3, z=0]> at app//org.junit.jupiter.api.AssertionUtils.fail(AssertionUtils.java:55) at app//org.junit.jupiter.api.AssertionUtils.failNotEqual(AssertionUtils.java:62) at app//org.junit.jupiter.api.AssertEquals.assertEquals(AssertEquals.java:182) at app//org.junit.jupiter.api.AssertEquals.assertEquals(AssertEquals.java:177) at app//org.junit.jupiter.api.Assertions.assertEquals(Assertions.java:1141) at app//dungeonmania.automarkingM3.BossTest.hydraDoorsAndWalls(BossTest.java:225) FAILURE DONE 1 test completed, 1 failed FAILURE: Build failed with an exception. COMP2511ProjectUML_drawio.pdf FRONTEND.md Planning.pdf README.md SETUP.md assumptions.pdf build build.gradle config_template.json credits.md design.pdf extract_coverage.sh gradle gradlew gradlew.bat images setup src test plans.pdf What went wrong: Execution failed for task ':test'. > There were failing tests. See the report at: file:///T15A_ECLAIR/build/reports/tests/test/index.html COMP2511ProjectUML_drawio.pdf FRONTEND.md Planning.pdf README.md SETUP.md assumptions.pdf build build.gradle config_template.json credits.md design.pdf extract_coverage.sh gradle gradlew gradlew.bat images setup src test plans.pdf Try: > Run with --stacktrace option to get the stack trace. > Run with --info or --debug option to get more log output. > Run with --scan to get full insights. COMP2511ProjectUML_drawio.pdf FRONTEND.md Planning.pdf README.md SETUP.md assumptions.pdf build build.gradle config_template.json credits.md design.pdf extract_coverage.sh gradle gradlew gradlew.bat images setup src test plans.pdf Get more help at https://help.gradle.org BUILD FAILED in 3s

Test 15-9: Test player wins a battle against hydra when hydra does not increase health when taking damage
SUCCESS DONE

Test 15-10: Test the hydra must increase health when taking damage - player loses
SUCCESS DONE

16. Swamp Tiles & Pathfinding

Test 16-1: Testing mercenary gets stuck in swamp
SUCCESS DONE

Test 16-2: Testing Assassin gets stuck in swamp
SUCCESS DONE

Test 16-3: Testing if mercenaries take into account movement factor when pathfinding
SUCCESS DONE

Test 16-4: Testing player does not get slowed by swamp tile
SUCCESS DONE

Test 16-5: Testing spider is slowed by swamp tile and that movement is still circling
SUCCESS DONE

Test 16-6: Testing multiple swamp tiles all slow
SUCCESS DONE

Test 16-7: Testing a battle on a swamp tile is successful - mercenary dies
SUCCESS DONE

Test 16-8: Test mercenary moves towards the player following the shortest path
SUCCESS DONE

Test 16-9: Test mercenary moves towards the player using portals
DijkstraMovementTest > Test mercenary moves towards the player using portals FAILED org.opentest4j.AssertionFailedError: expected: <Position [x=3, y=1, z=0]> but was: <Position [x=5, y=1, z=0]> at app//org.junit.jupiter.api.AssertionUtils.fail(AssertionUtils.java:55) at app//org.junit.jupiter.api.AssertionUtils.failNotEqual(AssertionUtils.java:62) at app//org.junit.jupiter.api.AssertEquals.assertEquals(AssertEquals.java:182) at app//org.junit.jupiter.api.AssertEquals.assertEquals(AssertEquals.java:177) at app//org.junit.jupiter.api.Assertions.assertEquals(Assertions.java:1141) at app//dungeonmania.automarkingM3.DijkstraMovementTest.mercWithPortals(DijkstraMovementTest.java:60) FAILURE DONE 1 test completed, 1 failed FAILURE: Build failed with an exception. COMP2511ProjectUML_drawio.pdf FRONTEND.md Planning.pdf README.md SETUP.md assumptions.pdf build build.gradle config_template.json credits.md design.pdf extract_coverage.sh gradle gradlew gradlew.bat images setup src test plans.pdf What went wrong: Execution failed for task ':test'. > There were failing tests. See the report at: file:///T15A_ECLAIR/build/reports/tests/test/index.html COMP2511ProjectUML_drawio.pdf FRONTEND.md Planning.pdf README.md SETUP.md assumptions.pdf build build.gradle config_template.json credits.md design.pdf extract_coverage.sh gradle gradlew gradlew.bat images setup src test plans.pdf Try: > Run with --stacktrace option to get the stack trace. > Run with --info or --debug option to get more log output. > Run with --scan to get full insights. COMP2511ProjectUML_drawio.pdf FRONTEND.md Planning.pdf README.md SETUP.md assumptions.pdf build build.gradle config_template.json credits.md design.pdf extract_coverage.sh gradle gradlew gradlew.bat images setup src test plans.pdf Get more help at https://help.gradle.org BUILD FAILED in 4s

Test 16-10: Test mercenary moves towards the player using swamp tiles
SUCCESS DONE

Test 16-11: Test assassin moves towards the player following the shortest path
SUCCESS DONE

Test 16-12: Test assassin moves towards the player using portals
DijkstraMovementTest > Test assassin moves towards the player using portals FAILED org.opentest4j.AssertionFailedError: expected: <Position [x=3, y=1, z=0]> but was: <Position [x=5, y=1, z=0]> at app//org.junit.jupiter.api.AssertionUtils.fail(AssertionUtils.java:55) at app//org.junit.jupiter.api.AssertionUtils.failNotEqual(AssertionUtils.java:62) at app//org.junit.jupiter.api.AssertEquals.assertEquals(AssertEquals.java:182) at app//org.junit.jupiter.api.AssertEquals.assertEquals(AssertEquals.java:177) at app//org.junit.jupiter.api.Assertions.assertEquals(Assertions.java:1141) at app//dungeonmania.automarkingM3.DijkstraMovementTest.assassinWithPortals(DijkstraMovementTest.java:153) FAILURE DONE 1 test completed, 1 failed FAILURE: Build failed with an exception. COMP2511ProjectUML_drawio.pdf FRONTEND.md Planning.pdf README.md SETUP.md assumptions.pdf build build.gradle config_template.json credits.md design.pdf extract_coverage.sh gradle gradlew gradlew.bat images setup src test plans.pdf What went wrong: Execution failed for task ':test'. > There were failing tests. See the report at: file:///T15A_ECLAIR/build/reports/tests/test/index.html COMP2511ProjectUML_drawio.pdf FRONTEND.md Planning.pdf README.md SETUP.md assumptions.pdf build build.gradle config_template.json credits.md design.pdf extract_coverage.sh gradle gradlew gradlew.bat images setup src test plans.pdf Try: > Run with --stacktrace option to get the stack trace. > Run with --info or --debug option to get more log output. > Run with --scan to get full insights. COMP2511ProjectUML_drawio.pdf FRONTEND.md Planning.pdf README.md SETUP.md assumptions.pdf build build.gradle config_template.json credits.md design.pdf extract_coverage.sh gradle gradlew gradlew.bat images setup src test plans.pdf Get more help at https://help.gradle.org BUILD FAILED in 4s

Test 16-13: Test assassin moves towards the player using swamp tiles
SUCCESS DONE

17. Milestone 3 Buildables

Test 17-1: (arrows x2) + (key x1) + (sun stone x1) => (sceptre x1)
SUCCESS DONE

Test 17-2: (wood x1) + (treasure x1) + (sun stone x1) => (sceptre x1)
SUCCESS DONE

Test 17-3: (wood x1) + (key x1) => (sceptre x0) + InvalidActionException
SUCCESS DONE

Test 17-4: (arrows x2) + (treasure x1) => (sceptre x0) + InvalidActionException
SUCCESS DONE

Test 17-5: (sword x1) + (sun stone x1) + (zombie x0) => (midnight armour x1)
SUCCESS DONE

Test 17-6: (sword x1) + (sun stone x1) + (zombie x1) => (midnight armour x0) + InvalidActionException
SUCCESS DONE

Test 17-7: (sun stone x1) + (zombie x0) => (midnight armour x0) + InvalidActionException
SUCCESS DONE

Test 17-8: Using sceptre to mind control a mercenary
BuildablesM3Test > Using sceptre to mind control a mercenary FAILED org.opentest4j.AssertionFailedError: expected: <0> but was: <1> at app//org.junit.jupiter.api.AssertionUtils.fail(AssertionUtils.java:55) at app//org.junit.jupiter.api.AssertionUtils.failNotEqual(AssertionUtils.java:62) at app//org.junit.jupiter.api.AssertEquals.assertEquals(AssertEquals.java:150) at app//org.junit.jupiter.api.AssertEquals.assertEquals(AssertEquals.java:145) at app//org.junit.jupiter.api.Assertions.assertEquals(Assertions.java:527) at app//dungeonmania.automarkingM3.BuildablesM3Test.testSceptreMindControlMercenary(BuildablesM3Test.java:368) FAILURE DONE 1 test completed, 1 failed FAILURE: Build failed with an exception. COMP2511ProjectUML_drawio.pdf FRONTEND.md Planning.pdf README.md SETUP.md assumptions.pdf build build.gradle config_template.json credits.md design.pdf extract_coverage.sh gradle gradlew gradlew.bat images setup src test plans.pdf What went wrong: Execution failed for task ':test'. > There were failing tests. See the report at: file:///T15A_ECLAIR/build/reports/tests/test/index.html COMP2511ProjectUML_drawio.pdf FRONTEND.md Planning.pdf README.md SETUP.md assumptions.pdf build build.gradle config_template.json credits.md design.pdf extract_coverage.sh gradle gradlew gradlew.bat images setup src test plans.pdf Try: > Run with --stacktrace option to get the stack trace. > Run with --info or --debug option to get more log output. > Run with --scan to get full insights. COMP2511ProjectUML_drawio.pdf FRONTEND.md Planning.pdf README.md SETUP.md assumptions.pdf build build.gradle config_template.json credits.md design.pdf extract_coverage.sh gradle gradlew gradlew.bat images setup src test plans.pdf Get more help at https://help.gradle.org BUILD FAILED in 4s

Test 17-9: Using sceptre to mind control an assassin
BuildablesM3Test > Using sceptre to mind control an assassin FAILED org.opentest4j.AssertionFailedError: expected: <0> but was: <1> at app//org.junit.jupiter.api.AssertionUtils.fail(AssertionUtils.java:55) at app//org.junit.jupiter.api.AssertionUtils.failNotEqual(AssertionUtils.java:62) at app//org.junit.jupiter.api.AssertEquals.assertEquals(AssertEquals.java:150) at app//org.junit.jupiter.api.AssertEquals.assertEquals(AssertEquals.java:145) at app//org.junit.jupiter.api.Assertions.assertEquals(Assertions.java:527) at app//dungeonmania.automarkingM3.BuildablesM3Test.testSceptreMindControlAssassin(BuildablesM3Test.java:413) FAILURE DONE 1 test completed, 1 failed FAILURE: Build failed with an exception. COMP2511ProjectUML_drawio.pdf FRONTEND.md Planning.pdf README.md SETUP.md assumptions.pdf build build.gradle config_template.json credits.md design.pdf extract_coverage.sh gradle gradlew gradlew.bat images setup src test plans.pdf What went wrong: Execution failed for task ':test'. > There were failing tests. See the report at: file:///T15A_ECLAIR/build/reports/tests/test/index.html COMP2511ProjectUML_drawio.pdf FRONTEND.md Planning.pdf README.md SETUP.md assumptions.pdf build build.gradle config_template.json credits.md design.pdf extract_coverage.sh gradle gradlew gradlew.bat images setup src test plans.pdf Try: > Run with --stacktrace option to get the stack trace. > Run with --info or --debug option to get more log output. > Run with --scan to get full insights. COMP2511ProjectUML_drawio.pdf FRONTEND.md Planning.pdf README.md SETUP.md assumptions.pdf build build.gradle config_template.json credits.md design.pdf extract_coverage.sh gradle gradlew gradlew.bat images setup src test plans.pdf Get more help at https://help.gradle.org BUILD FAILED in 5s

Test 17-10: Test for mind control duration
BuildablesM3Test > Test for mind control duration FAILED org.opentest4j.AssertionFailedError: expected: <0> but was: <1> at app//org.junit.jupiter.api.AssertionUtils.fail(AssertionUtils.java:55) at app//org.junit.jupiter.api.AssertionUtils.failNotEqual(AssertionUtils.java:62) at app//org.junit.jupiter.api.AssertEquals.assertEquals(AssertEquals.java:150) at app//org.junit.jupiter.api.AssertEquals.assertEquals(AssertEquals.java:145) at app//org.junit.jupiter.api.Assertions.assertEquals(Assertions.java:527) at app//dungeonmania.automarkingM3.BuildablesM3Test.testSceptreMindControlDuration(BuildablesM3Test.java:458) FAILURE DONE 1 test completed, 1 failed FAILURE: Build failed with an exception. COMP2511ProjectUML_drawio.pdf FRONTEND.md Planning.pdf README.md SETUP.md assumptions.pdf build build.gradle config_template.json credits.md design.pdf extract_coverage.sh gradle gradlew gradlew.bat images setup src test plans.pdf What went wrong: Execution failed for task ':test'. > There were failing tests. See the report at: file:///T15A_ECLAIR/build/reports/tests/test/index.html COMP2511ProjectUML_drawio.pdf FRONTEND.md Planning.pdf README.md SETUP.md assumptions.pdf build build.gradle config_template.json credits.md design.pdf extract_coverage.sh gradle gradlew gradlew.bat images setup src test plans.pdf Try: > Run with --stacktrace option to get the stack trace. > Run with --info or --debug option to get more log output. > Run with --scan to get full insights. COMP2511ProjectUML_drawio.pdf FRONTEND.md Planning.pdf README.md SETUP.md assumptions.pdf build build.gradle config_template.json credits.md design.pdf extract_coverage.sh gradle gradlew gradlew.bat images setup src test plans.pdf Get more help at https://help.gradle.org BUILD FAILED in 4s

Test 17-11: Use midnight armour to attack - player battles for less rounds to win
SUCCESS DONE

Test 17-12: Use midnight armour to defence - player battles for more rounds but still dies
SUCCESS DONE

18. Persistence

Test 18-1: Test saving and loading a simple maze map
SUCCESS DONE

Test 18-2: Test saving and loading a map with boulders
SUCCESS DONE

Test 18-3: Test saving and loading a map with enemies and collectables
SUCCESS DONE

Test 18-4: Test saving on a map containing all types of entities
SUCCESS DONE

Test 18-5: Test saving on a map containing all types of M3 entities
SUCCESS DONE

Test 18-6: Test saving with Swamp Tiles
SaveLoadTest > Test saving with Swamp Tiles FAILED java.lang.NullPointerException at dungeonmania.DungeonManiaController.tick(DungeonManiaController.java:211) at dungeonmania.automarkingM3.SaveLoadTest.testSaveSwampTiles(SaveLoadTest.java:132) FAILURE DONE 1 test completed, 1 failed FAILURE: Build failed with an exception. COMP2511ProjectUML_drawio.pdf FRONTEND.md Planning.pdf README.md SETUP.md assumptions.pdf build build.gradle config_template.json credits.md design.pdf extract_coverage.sh gradle gradlew gradlew.bat images setup src test plans.pdf What went wrong: Execution failed for task ':test'. > There were failing tests. See the report at: file:///T15A_ECLAIR/build/reports/tests/test/index.html COMP2511ProjectUML_drawio.pdf FRONTEND.md Planning.pdf README.md SETUP.md assumptions.pdf build build.gradle config_template.json credits.md design.pdf extract_coverage.sh gradle gradlew gradlew.bat images setup src test plans.pdf Try: > Run with --stacktrace option to get the stack trace. > Run with --info or --debug option to get more log output. > Run with --scan to get full insights. COMP2511ProjectUML_drawio.pdf FRONTEND.md Planning.pdf README.md SETUP.md assumptions.pdf build build.gradle config_template.json credits.md design.pdf extract_coverage.sh gradle gradlew gradlew.bat images setup src test plans.pdf Get more help at https://help.gradle.org BUILD FAILED in 5s

Test 18-7: Test saving then reloading a map twice consecutively
SUCCESS DONE

Test 18-8: Test that invincibility state is persistent across a save/load
SaveLoadTest > Test that invincibility state is persistent across a save/load FAILED org.opentest4j.AssertionFailedError: expected: <true> but was: <false> at app//org.junit.jupiter.api.AssertionUtils.fail(AssertionUtils.java:55) at app//org.junit.jupiter.api.AssertTrue.assertTrue(AssertTrue.java:40) at app//org.junit.jupiter.api.AssertTrue.assertTrue(AssertTrue.java:35) at app//org.junit.jupiter.api.Assertions.assertTrue(Assertions.java:179) at app//dungeonmania.automarkingM3.SaveLoadTest.testInvincibilityAcrossSaveLoad(SaveLoadTest.java:204) FAILURE DONE 1 test completed, 1 failed FAILURE: Build failed with an exception. COMP2511ProjectUML_drawio.pdf FRONTEND.md Planning.pdf README.md SETUP.md assumptions.pdf build build.gradle config_template.json credits.md design.pdf extract_coverage.sh gradle gradlew gradlew.bat images setup src test plans.pdf What went wrong: Execution failed for task ':test'. > There were failing tests. See the report at: file:///T15A_ECLAIR/build/reports/tests/test/index.html COMP2511ProjectUML_drawio.pdf FRONTEND.md Planning.pdf README.md SETUP.md assumptions.pdf build build.gradle config_template.json credits.md design.pdf extract_coverage.sh gradle gradlew gradlew.bat images setup src test plans.pdf Try: > Run with --stacktrace option to get the stack trace. > Run with --info or --debug option to get more log output. > Run with --scan to get full insights. COMP2511ProjectUML_drawio.pdf FRONTEND.md Planning.pdf README.md SETUP.md assumptions.pdf build build.gradle config_template.json credits.md design.pdf extract_coverage.sh gradle gradlew gradlew.bat images setup src test plans.pdf Get more help at https://help.gradle.org BUILD FAILED in 5s

Test 18-9: Test inventory remains consistent when saving and loading
SUCCESS DONE

Test 18-10: Test that invisibility state is persistent across a save/load
SUCCESS DONE

Test 18-11: Test saving and loading with bribing mercenary
SaveLoadTest > Test saving and loading with bribing mercenary FAILED org.opentest4j.AssertionFailedError: expected: <0> but was: <1> at app//org.junit.jupiter.api.AssertionUtils.fail(AssertionUtils.java:55) at app//org.junit.jupiter.api.AssertionUtils.failNotEqual(AssertionUtils.java:62) at app//org.junit.jupiter.api.AssertEquals.assertEquals(AssertEquals.java:150) at app//org.junit.jupiter.api.AssertEquals.assertEquals(AssertEquals.java:145) at app//org.junit.jupiter.api.Assertions.assertEquals(Assertions.java:527) at app//dungeonmania.automarkingM3.SaveLoadTest.bribingIsPersistent(SaveLoadTest.java:386) at app//dungeonmania.automarkingM3.SaveLoadTest.testSavingLoadingWithBribingMerc(SaveLoadTest.java:407) FAILURE DONE 1 test completed, 1 failed FAILURE: Build failed with an exception. COMP2511ProjectUML_drawio.pdf FRONTEND.md Planning.pdf README.md SETUP.md assumptions.pdf build build.gradle config_template.json credits.md design.pdf extract_coverage.sh gradle gradlew gradlew.bat images setup src test plans.pdf What went wrong: Execution failed for task ':test'. > There were failing tests. See the report at: file:///T15A_ECLAIR/build/reports/tests/test/index.html COMP2511ProjectUML_drawio.pdf FRONTEND.md Planning.pdf README.md SETUP.md assumptions.pdf build build.gradle config_template.json credits.md design.pdf extract_coverage.sh gradle gradlew gradlew.bat images setup src test plans.pdf Try: > Run with --stacktrace option to get the stack trace. > Run with --info or --debug option to get more log output. > Run with --scan to get full insights. COMP2511ProjectUML_drawio.pdf FRONTEND.md Planning.pdf README.md SETUP.md assumptions.pdf build build.gradle config_template.json credits.md design.pdf extract_coverage.sh gradle gradlew gradlew.bat images setup src test plans.pdf Get more help at https://help.gradle.org BUILD FAILED in 4s

Test 18-12: Test saving and loading with bribing assassin
SaveLoadTest > Test saving and loading with bribing assassin FAILED org.opentest4j.AssertionFailedError: expected: <true> but was: <false> at app//org.junit.jupiter.api.AssertionUtils.fail(AssertionUtils.java:55) at app//org.junit.jupiter.api.AssertTrue.assertTrue(AssertTrue.java:40) at app//org.junit.jupiter.api.AssertTrue.assertTrue(AssertTrue.java:35) at app//org.junit.jupiter.api.Assertions.assertTrue(Assertions.java:179) at app//dungeonmania.automarkingM3.SaveLoadTest.bribingIsPersistent(SaveLoadTest.java:385) at app//dungeonmania.automarkingM3.SaveLoadTest.testSavingLoadingWithBribingAssassin(SaveLoadTest.java:414) FAILURE DONE 1 test completed, 1 failed FAILURE: Build failed with an exception. COMP2511ProjectUML_drawio.pdf FRONTEND.md Planning.pdf README.md SETUP.md assumptions.pdf build build.gradle config_template.json credits.md design.pdf extract_coverage.sh gradle gradlew gradlew.bat images setup src test plans.pdf What went wrong: Execution failed for task ':test'. > There were failing tests. See the report at: file:///T15A_ECLAIR/build/reports/tests/test/index.html COMP2511ProjectUML_drawio.pdf FRONTEND.md Planning.pdf README.md SETUP.md assumptions.pdf build build.gradle config_template.json credits.md design.pdf extract_coverage.sh gradle gradlew gradlew.bat images setup src test plans.pdf Try: > Run with --stacktrace option to get the stack trace. > Run with --info or --debug option to get more log output. > Run with --scan to get full insights. COMP2511ProjectUML_drawio.pdf FRONTEND.md Planning.pdf README.md SETUP.md assumptions.pdf build build.gradle config_template.json credits.md design.pdf extract_coverage.sh gradle gradlew gradlew.bat images setup src test plans.pdf Get more help at https://help.gradle.org BUILD FAILED in 5s

Test 18-13: Test key door relationship is maintained after saving
SUCCESS DONE

19. Time Travel

Test 19-1: Testing rewinding fails with illegal ticks
SUCCESS DONE

Test 19-2: Test picking up a time turner adds to inventory
SUCCESS DONE

Test 19-3: Test using a time turner 1 tick back
SUCCESS DONE

Test 19-4: Test using a time turner 5 ticks back
SUCCESS DONE

Test 19-5: Test time travel portals less than 30 ticks takes game back to beginning state
TimeTravelTest > Test time travel portals less than 30 ticks takes game back to beginning state FAILED org.opentest4j.AssertionFailedError: expected: <1> but was: <0> at app//org.junit.jupiter.api.AssertionUtils.fail(AssertionUtils.java:55) at app//org.junit.jupiter.api.AssertionUtils.failNotEqual(AssertionUtils.java:62) at app//org.junit.jupiter.api.AssertEquals.assertEquals(AssertEquals.java:150) at app//org.junit.jupiter.api.AssertEquals.assertEquals(AssertEquals.java:145) at app//org.junit.jupiter.api.Assertions.assertEquals(Assertions.java:527) at app//dungeonmania.automarkingM3.TimeTravelTest.testTimeTravellingPortalLessThan30Ticks(TimeTravelTest.java:149) FAILURE DONE 1 test completed, 1 failed FAILURE: Build failed with an exception. COMP2511ProjectUML_drawio.pdf FRONTEND.md Planning.pdf README.md SETUP.md assumptions.pdf build build.gradle config_template.json credits.md design.pdf extract_coverage.sh gradle gradlew gradlew.bat images setup src test plans.pdf What went wrong: Execution failed for task ':test'. > There were failing tests. See the report at: file:///T15A_ECLAIR/build/reports/tests/test/index.html COMP2511ProjectUML_drawio.pdf FRONTEND.md Planning.pdf README.md SETUP.md assumptions.pdf build build.gradle config_template.json credits.md design.pdf extract_coverage.sh gradle gradlew gradlew.bat images setup src test plans.pdf Try: > Run with --stacktrace option to get the stack trace. > Run with --info or --debug option to get more log output. > Run with --scan to get full insights. COMP2511ProjectUML_drawio.pdf FRONTEND.md Planning.pdf README.md SETUP.md assumptions.pdf build build.gradle config_template.json credits.md design.pdf extract_coverage.sh gradle gradlew gradlew.bat images setup src test plans.pdf Get more help at https://help.gradle.org BUILD FAILED in 4s

Test 19-6: Test time travel portals more than 30 ticks takes game back 30 ticks
SUCCESS DONE

Test 19-7: Test non player moving entities cannot move through time travel portal
SUCCESS DONE

Test 19-8: Test older self is present when time travelling through portal
SUCCESS DONE

Test 19-9: Test battle with older self occurs afters time travelling through portal
TimeTravelTest > Test battle with older self occurs afters time travelling through portal FAILED org.opentest4j.AssertionFailedError: expected: <1> but was: <0> at app//org.junit.jupiter.api.AssertionUtils.fail(AssertionUtils.java:55) at app//org.junit.jupiter.api.AssertionUtils.failNotEqual(AssertionUtils.java:62) at app//org.junit.jupiter.api.AssertEquals.assertEquals(AssertEquals.java:150) at app//org.junit.jupiter.api.AssertEquals.assertEquals(AssertEquals.java:145) at app//org.junit.jupiter.api.Assertions.assertEquals(Assertions.java:527) at app//dungeonmania.automarkingM3.TimeTravelTest.testBattleOlderSelfTimeTravellingPortal(TimeTravelTest.java:285) FAILURE DONE 1 test completed, 1 failed FAILURE: Build failed with an exception. COMP2511ProjectUML_drawio.pdf FRONTEND.md Planning.pdf README.md SETUP.md assumptions.pdf build build.gradle config_template.json credits.md design.pdf extract_coverage.sh gradle gradlew gradlew.bat images setup src test plans.pdf What went wrong: Execution failed for task ':test'. > There were failing tests. See the report at: file:///T15A_ECLAIR/build/reports/tests/test/index.html COMP2511ProjectUML_drawio.pdf FRONTEND.md Planning.pdf README.md SETUP.md assumptions.pdf build build.gradle config_template.json credits.md design.pdf extract_coverage.sh gradle gradlew gradlew.bat images setup src test plans.pdf Try: > Run with --stacktrace option to get the stack trace. > Run with --info or --debug option to get more log output. > Run with --scan to get full insights. COMP2511ProjectUML_drawio.pdf FRONTEND.md Planning.pdf README.md SETUP.md assumptions.pdf build build.gradle config_template.json credits.md design.pdf extract_coverage.sh gradle gradlew gradlew.bat images setup src test plans.pdf Get more help at https://help.gradle.org BUILD FAILED in 4s

Test 19-10: Test time travelling portals don't teleport player
SUCCESS DONE

Test 19-11: Test time travelling portals no battle with invisibility potion
SUCCESS DONE

Test 19-12: Test older self follows correct path
TimeTravelTest > Test older self follows correct path FAILED org.opentest4j.AssertionFailedError: expected: <Position [x=1, y=1, z=0]> but was: <Position [x=0, y=1, z=0]> at app//org.junit.jupiter.api.AssertionUtils.fail(AssertionUtils.java:55) at app//org.junit.jupiter.api.AssertionUtils.failNotEqual(AssertionUtils.java:62) at app//org.junit.jupiter.api.AssertEquals.assertEquals(AssertEquals.java:182) at app//org.junit.jupiter.api.AssertEquals.assertEquals(AssertEquals.java:177) at app//org.junit.jupiter.api.Assertions.assertEquals(Assertions.java:1141) at app//dungeonmania.automarkingM3.TimeTravelTest.testOlderSelfTimeTravellingPortalFollowsCorrectPath(TimeTravelTest.java:399) FAILURE DONE 1 test completed, 1 failed FAILURE: Build failed with an exception. COMP2511ProjectUML_drawio.pdf FRONTEND.md Planning.pdf README.md SETUP.md assumptions.pdf build build.gradle config_template.json credits.md design.pdf extract_coverage.sh gradle gradlew gradlew.bat images setup src test plans.pdf What went wrong: Execution failed for task ':test'. > There were failing tests. See the report at: file:///T15A_ECLAIR/build/reports/tests/test/index.html COMP2511ProjectUML_drawio.pdf FRONTEND.md Planning.pdf README.md SETUP.md assumptions.pdf build build.gradle config_template.json credits.md design.pdf extract_coverage.sh gradle gradlew gradlew.bat images setup src test plans.pdf Try: > Run with --stacktrace option to get the stack trace. > Run with --info or --debug option to get more log output. > Run with --scan to get full insights. COMP2511ProjectUML_drawio.pdf FRONTEND.md Planning.pdf README.md SETUP.md assumptions.pdf build build.gradle config_template.json credits.md design.pdf extract_coverage.sh gradle gradlew gradlew.bat images setup src test plans.pdf Get more help at https://help.gradle.org BUILD FAILED in 4s

Test 19-14: Test no battle with older self if sunstone in inventory
SUCCESS DONE

Test 19-15: Test no battle with older self if midnight armour in inventory
SUCCESS DONE

Test 19-16: Test battle with older self if sunstone not in inventory
TimeTravelTest > Test battle with older self if sunstone not in inventory FAILED org.opentest4j.AssertionFailedError: expected: <1> but was: <0> at app//org.junit.jupiter.api.AssertionUtils.fail(AssertionUtils.java:55) at app//org.junit.jupiter.api.AssertionUtils.failNotEqual(AssertionUtils.java:62) at app//org.junit.jupiter.api.AssertEquals.assertEquals(AssertEquals.java:150) at app//org.junit.jupiter.api.AssertEquals.assertEquals(AssertEquals.java:145) at app//org.junit.jupiter.api.Assertions.assertEquals(Assertions.java:527) at app//dungeonmania.automarkingM3.TimeTravelTest.testOlderSelfTimeTravellingPortalBattleWithNoSunstone(TimeTravelTest.java:534) FAILURE DONE 1 test completed, 1 failed FAILURE: Build failed with an exception. COMP2511ProjectUML_drawio.pdf FRONTEND.md Planning.pdf README.md SETUP.md assumptions.pdf build build.gradle config_template.json credits.md design.pdf extract_coverage.sh gradle gradlew gradlew.bat images setup src test plans.pdf What went wrong: Execution failed for task ':test'. > There were failing tests. See the report at: file:///T15A_ECLAIR/build/reports/tests/test/index.html COMP2511ProjectUML_drawio.pdf FRONTEND.md Planning.pdf README.md SETUP.md assumptions.pdf build build.gradle config_template.json credits.md design.pdf extract_coverage.sh gradle gradlew gradlew.bat images setup src test plans.pdf Try: > Run with --stacktrace option to get the stack trace. > Run with --info or --debug option to get more log output. > Run with --scan to get full insights. COMP2511ProjectUML_drawio.pdf FRONTEND.md Planning.pdf README.md SETUP.md assumptions.pdf build build.gradle config_template.json credits.md design.pdf extract_coverage.sh gradle gradlew gradlew.bat images setup src test plans.pdf Get more help at https://help.gradle.org BUILD FAILED in 3s

Test 19-17: Test saving with Time Travel Extensions entities
SUCCESS DONE

Test 19-18: Test save load with time travel portal - before time travel
SUCCESS DONE

Test 19-19: Test save load with time travel portal - after time travel
SUCCESS DONE

Test 19-20: Test save before time travelling
SUCCESS DONE

Test 19-21: Test game continues as normal after time travel then immediately save
SaveLoadTest > Test game continues as normal after time travel, then immediately save FAILED org.opentest4j.AssertionFailedError: expected: <1> but was: <0> at app//org.junit.jupiter.api.AssertionUtils.fail(AssertionUtils.java:55) at app//org.junit.jupiter.api.AssertionUtils.failNotEqual(AssertionUtils.java:62) at app//org.junit.jupiter.api.AssertEquals.assertEquals(AssertEquals.java:150) at app//org.junit.jupiter.api.AssertEquals.assertEquals(AssertEquals.java:145) at app//org.junit.jupiter.api.Assertions.assertEquals(Assertions.java:527) at app//dungeonmania.automarkingM3.SaveLoadTest.testAfterTimeTravel(SaveLoadTest.java:284) FAILURE DONE 1 test completed, 1 failed FAILURE: Build failed with an exception. COMP2511ProjectUML_drawio.pdf FRONTEND.md Planning.pdf README.md SETUP.md assumptions.pdf build build.gradle config_template.json credits.md design.pdf extract_coverage.sh gradle gradlew gradlew.bat images setup src test plans.pdf What went wrong: Execution failed for task ':test'. > There were failing tests. See the report at: file:///T15A_ECLAIR/build/reports/tests/test/index.html COMP2511ProjectUML_drawio.pdf FRONTEND.md Planning.pdf README.md SETUP.md assumptions.pdf build build.gradle config_template.json credits.md design.pdf extract_coverage.sh gradle gradlew gradlew.bat images setup src test plans.pdf Try: > Run with --stacktrace option to get the stack trace. > Run with --info or --debug option to get more log output. > Run with --scan to get full insights. COMP2511ProjectUML_drawio.pdf FRONTEND.md Planning.pdf README.md SETUP.md assumptions.pdf build build.gradle config_template.json credits.md design.pdf extract_coverage.sh gradle gradlew gradlew.bat images setup src test plans.pdf Get more help at https://help.gradle.org BUILD FAILED in 6s

20. Logical Switches

Test 20-1: Test turning on a light bulb
SUCCESS DONE

Test 20-2: Test activating a wire and exploding a bomb
SUCCESS DONE

Test 20-3: Test complex logic switches with AND light bulb
SUCCESS DONE

Test 20-4: Test complex logic switches with XOR light bulb
SUCCESS DONE

Test 20-5: Test complex logic switches with CO_AND light bulb
SUCCESS DONE

Test 20-6: Test opening a switch door
SUCCESS DONE

Test 20-7: Test an XOR switch door does not remain open
SUCCESS DONE

Test 20-8: Test activating one switch actives and interconnected Or Switch
SUCCESS DONE

21. Dungeon Generation

Test 21-1: Testing dungeon generation throws exception with invalid config file
SUCCESS DONE

Test 21-2: Testing dungeon generation creates reasonable proportion of walls
SUCCESS DONE

Test 21-3: Testing generated dungeons are solvable
SUCCESS DONE

Test 21-4: Testing all non-wall grids are reachable
SUCCESS DONE

Test 21-5: Testing there's a surrounding wall
SUCCESS DONE

Test 21-6: Testing the generated game can be saved & loaded
SUCCESS DONE

Test 21-7: Testing player can win
SUCCESS DONE

Test 21-8: Testing large tests are unlikely to be the same
SUCCESS DONE

22. Hidden Tests

